jetson@jetson-desktop:~/other_model$ /usr/src/tensorrt/bin/trtexec --loadEngine=vitlob_fp16.engin --fp16 --avgRuns=200 --warmUp=50 --verbose
&&&& RUNNING TensorRT.trtexec [TensorRT v100300] # /usr/src/tensorrt/bin/trtexec --loadEngine=vitlob_fp16.engin --fp16 --avgRuns=200 --warmUp=50 --verbose
[02/27/2026-12:08:11] [I] === Model Options ===
[02/27/2026-12:08:11] [I] Format: *
[02/27/2026-12:08:11] [I] Model: 
[02/27/2026-12:08:11] [I] Output:
[02/27/2026-12:08:11] [I] 
[02/27/2026-12:08:11] [I] === System Options ===
[02/27/2026-12:08:11] [I] Device: 0
[02/27/2026-12:08:11] [I] DLACore: 
[02/27/2026-12:08:11] [I] Plugins:
[02/27/2026-12:08:11] [I] setPluginsToSerialize:
[02/27/2026-12:08:11] [I] dynamicPlugins:
[02/27/2026-12:08:11] [I] ignoreParsedPluginLibs: 0
[02/27/2026-12:08:11] [I] 
[02/27/2026-12:08:11] [I] === Inference Options ===
[02/27/2026-12:08:11] [I] Batch: Explicit
[02/27/2026-12:08:11] [I] Input inference shapes: model
[02/27/2026-12:08:11] [I] Iterations: 10
[02/27/2026-12:08:11] [I] Duration: 3s (+ 50ms warm up)
[02/27/2026-12:08:11] [I] Sleep time: 0ms
[02/27/2026-12:08:11] [I] Idle time: 0ms
[02/27/2026-12:08:11] [I] Inference Streams: 1
[02/27/2026-12:08:11] [I] ExposeDMA: Disabled
[02/27/2026-12:08:11] [I] Data transfers: Enabled
[02/27/2026-12:08:11] [I] Spin-wait: Disabled
[02/27/2026-12:08:11] [I] Multithreading: Disabled
[02/27/2026-12:08:11] [I] CUDA Graph: Disabled
[02/27/2026-12:08:11] [I] Separate profiling: Disabled
[02/27/2026-12:08:11] [I] Time Deserialize: Disabled
[02/27/2026-12:08:11] [I] Time Refit: Disabled
[02/27/2026-12:08:11] [I] NVTX verbosity: 0
[02/27/2026-12:08:11] [I] Persistent Cache Ratio: 0
[02/27/2026-12:08:11] [I] Optimization Profile Index: 0
[02/27/2026-12:08:11] [I] Weight Streaming Budget: 100.000000%
[02/27/2026-12:08:11] [I] Inputs:
[02/27/2026-12:08:11] [I] Debug Tensor Save Destinations:
[02/27/2026-12:08:11] [I] === Reporting Options ===
[02/27/2026-12:08:11] [I] Verbose: Enabled
[02/27/2026-12:08:11] [I] Averages: 200 inferences
[02/27/2026-12:08:11] [I] Percentiles: 90,95,99
[02/27/2026-12:08:11] [I] Dump refittable layers:Disabled
[02/27/2026-12:08:11] [I] Dump output: Disabled
[02/27/2026-12:08:11] [I] Profile: Disabled
[02/27/2026-12:08:11] [I] Export timing to JSON file: 
[02/27/2026-12:08:11] [I] Export output to JSON file: 
[02/27/2026-12:08:11] [I] Export profile to JSON file: 
[02/27/2026-12:08:11] [I] 
[02/27/2026-12:08:11] [I] === Device Information ===
[02/27/2026-12:08:11] [I] Available Devices: 
[02/27/2026-12:08:11] [I]   Device 0: "Orin" UUID: GPU-77070885-44b9-558b-8710-ed08ec50e727
[02/27/2026-12:08:11] [I] Selected Device: Orin
[02/27/2026-12:08:11] [I] Selected Device ID: 0
[02/27/2026-12:08:11] [I] Selected Device UUID: GPU-77070885-44b9-558b-8710-ed08ec50e727
[02/27/2026-12:08:11] [I] Compute Capability: 8.7
[02/27/2026-12:08:11] [I] SMs: 8
[02/27/2026-12:08:11] [I] Device Global Memory: 7619 MiB
[02/27/2026-12:08:11] [I] Shared Memory per SM: 164 KiB
[02/27/2026-12:08:11] [I] Memory Bus Width: 128 bits (ECC disabled)
[02/27/2026-12:08:11] [I] Application Compute Clock Rate: 1.02 GHz
[02/27/2026-12:08:11] [I] Application Memory Clock Rate: 0.918 GHz
[02/27/2026-12:08:11] [I] 
[02/27/2026-12:08:11] [I] Note: The application clock rates do not reflect the actual clock rates that the GPU is currently running at.
[02/27/2026-12:08:11] [I] 
[02/27/2026-12:08:11] [I] TensorRT version: 10.3.0
[02/27/2026-12:08:11] [I] Loading standard plugins
[02/27/2026-12:08:11] [V] [TRT] Registered plugin creator - ::BatchedNMSDynamic_TRT version 1
[02/27/2026-12:08:11] [V] [TRT] Registered plugin creator - ::BatchedNMS_TRT version 1
[02/27/2026-12:08:11] [V] [TRT] Registered plugin creator - ::BatchTilePlugin_TRT version 1
[02/27/2026-12:08:11] [V] [TRT] Registered plugin creator - ::Clip_TRT version 1
[02/27/2026-12:08:11] [V] [TRT] Registered plugin creator - ::CoordConvAC version 1
[02/27/2026-12:08:11] [V] [TRT] Registered plugin creator - ::CropAndResizeDynamic version 1
[02/27/2026-12:08:11] [V] [TRT] Registered plugin creator - ::CropAndResize version 1
[02/27/2026-12:08:11] [V] [TRT] Registered plugin creator - ::DecodeBbox3DPlugin version 1
[02/27/2026-12:08:11] [V] [TRT] Registered plugin creator - ::DetectionLayer_TRT version 1
[02/27/2026-12:08:11] [V] [TRT] Registered plugin creator - ::EfficientNMS_Explicit_TF_TRT version 1
[02/27/2026-12:08:11] [V] [TRT] Registered plugin creator - ::EfficientNMS_Implicit_TF_TRT version 1
[02/27/2026-12:08:11] [V] [TRT] Registered plugin creator - ::EfficientNMS_ONNX_TRT version 1
[02/27/2026-12:08:11] [V] [TRT] Registered plugin creator - ::EfficientNMS_TRT version 1
[02/27/2026-12:08:11] [V] [TRT] Registered plugin creator - ::FlattenConcat_TRT version 1
[02/27/2026-12:08:11] [V] [TRT] Registered plugin creator - ::GenerateDetection_TRT version 1
[02/27/2026-12:08:11] [V] [TRT] Registered plugin creator - ::GridAnchor_TRT version 1
[02/27/2026-12:08:11] [V] [TRT] Registered plugin creator - ::GridAnchorRect_TRT version 1
[02/27/2026-12:08:11] [V] [TRT] Registered plugin creator - ::InstanceNormalization_TRT version 1
[02/27/2026-12:08:11] [V] [TRT] Registered plugin creator - ::InstanceNormalization_TRT version 2
[02/27/2026-12:08:11] [V] [TRT] Registered plugin creator - ::InstanceNormalization_TRT version 3
[02/27/2026-12:08:11] [V] [TRT] Registered plugin creator - ::LReLU_TRT version 1
[02/27/2026-12:08:11] [V] [TRT] Registered plugin creator - ::ModulatedDeformConv2d version 1
[02/27/2026-12:08:11] [V] [TRT] Registered plugin creator - ::MultilevelCropAndResize_TRT version 1
[02/27/2026-12:08:11] [V] [TRT] Registered plugin creator - ::MultilevelProposeROI_TRT version 1
[02/27/2026-12:08:11] [V] [TRT] Registered plugin creator - ::MultiscaleDeformableAttnPlugin_TRT version 1
[02/27/2026-12:08:11] [V] [TRT] Registered plugin creator - ::NMSDynamic_TRT version 1
[02/27/2026-12:08:11] [V] [TRT] Registered plugin creator - ::NMS_TRT version 1
[02/27/2026-12:08:11] [V] [TRT] Registered plugin creator - ::Normalize_TRT version 1
[02/27/2026-12:08:11] [V] [TRT] Registered plugin creator - ::PillarScatterPlugin version 1
[02/27/2026-12:08:11] [V] [TRT] Registered plugin creator - ::PriorBox_TRT version 1
[02/27/2026-12:08:11] [V] [TRT] Registered plugin creator - ::ProposalDynamic version 1
[02/27/2026-12:08:11] [V] [TRT] Registered plugin creator - ::ProposalLayer_TRT version 1
[02/27/2026-12:08:11] [V] [TRT] Registered plugin creator - ::Proposal version 1
[02/27/2026-12:08:11] [V] [TRT] Registered plugin creator - ::PyramidROIAlign_TRT version 1
[02/27/2026-12:08:11] [V] [TRT] Registered plugin creator - ::Region_TRT version 1
[02/27/2026-12:08:11] [V] [TRT] Registered plugin creator - ::Reorg_TRT version 2
[02/27/2026-12:08:11] [V] [TRT] Registered plugin creator - ::Reorg_TRT version 1
[02/27/2026-12:08:11] [V] [TRT] Registered plugin creator - ::ResizeNearest_TRT version 1
[02/27/2026-12:08:11] [V] [TRT] Registered plugin creator - ::ROIAlign_TRT version 1
[02/27/2026-12:08:11] [V] [TRT] Registered plugin creator - ::ROIAlign_TRT version 2
[02/27/2026-12:08:11] [V] [TRT] Registered plugin creator - ::RPROI_TRT version 1
[02/27/2026-12:08:11] [V] [TRT] Registered plugin creator - ::ScatterElements version 2
[02/27/2026-12:08:11] [V] [TRT] Registered plugin creator - ::ScatterElements version 1
[02/27/2026-12:08:11] [V] [TRT] Registered plugin creator - ::ScatterND version 1
[02/27/2026-12:08:11] [V] [TRT] Registered plugin creator - ::SpecialSlice_TRT version 1
[02/27/2026-12:08:11] [V] [TRT] Registered plugin creator - ::Split version 1
[02/27/2026-12:08:11] [V] [TRT] Registered plugin creator - ::VoxelGeneratorPlugin version 1
[02/27/2026-12:08:11] [I] [TRT] Loaded engine size: 0 MiB
[02/27/2026-12:08:11] [V] [TRT] Deserialization required 2334 microseconds.
[02/27/2026-12:08:11] [I] Engine deserialized in 0.0292118 sec.
[02/27/2026-12:08:11] [V] [TRT] Total per-runner device persistent memory is 0
[02/27/2026-12:08:11] [V] [TRT] Total per-runner host persistent memory is 32
[02/27/2026-12:08:11] [V] [TRT] Allocated device scratch memory of size 8704
[02/27/2026-12:08:11] [V] [TRT] - Runner scratch: 8704 bytes
[02/27/2026-12:08:11] [I] [TRT] [MemUsageChange] TensorRT-managed allocation in IExecutionContext creation: CPU +0, GPU +0, now: CPU 0, GPU 0 (MiB)
[02/27/2026-12:08:11] [V] [TRT] CUDA lazy loading is enabled.
[02/27/2026-12:08:11] [I] Setting persistentCacheLimit to 0 bytes.
[02/27/2026-12:08:11] [I] Created execution context with device memory size: 0.00830078 MiB
[02/27/2026-12:08:11] [I] Using random values for input input
[02/27/2026-12:08:11] [I] Input binding for input with dimensions 1x40x50 is created.
[02/27/2026-12:08:11] [I] Output binding for logits with dimensions 1x3 is created.
[02/27/2026-12:08:11] [I] Starting inference
[02/27/2026-12:08:14] [I] Warmup completed 63 queries over 50 ms
[02/27/2026-12:08:14] [I] Timing trace has 13040 queries over 3.00081 s
[02/27/2026-12:08:14] [I] 
[02/27/2026-12:08:14] [I] === Trace details ===
[02/27/2026-12:08:14] [I] Trace averages of 200 runs:
[02/27/2026-12:08:14] [I] Average on 200 runs - GPU latency: 0.250205 ms - Host latency: 0.269313 ms (enqueue 0.199876 ms)
[02/27/2026-12:08:14] [I] Average on 200 runs - GPU latency: 0.349137 ms - Host latency: 0.373139 ms (enqueue 0.199278 ms)
[02/27/2026-12:08:14] [I] Average on 200 runs - GPU latency: 0.292953 ms - Host latency: 0.313446 ms (enqueue 0.193081 ms)
[02/27/2026-12:08:14] [I] Average on 200 runs - GPU latency: 0.250327 ms - Host latency: 0.268173 ms (enqueue 0.176446 ms)
[02/27/2026-12:08:14] [I] Average on 200 runs - GPU latency: 0.307471 ms - Host latency: 0.328945 ms (enqueue 0.182778 ms)
[02/27/2026-12:08:14] [I] Average on 200 runs - GPU latency: 0.218579 ms - Host latency: 0.233748 ms (enqueue 0.171178 ms)
[02/27/2026-12:08:14] [I] Average on 200 runs - GPU latency: 0.309782 ms - Host latency: 0.330233 ms (enqueue 0.184685 ms)
[02/27/2026-12:08:14] [I] Average on 200 runs - GPU latency: 0.213512 ms - Host latency: 0.229628 ms (enqueue 0.171021 ms)
[02/27/2026-12:08:14] [I] Average on 200 runs - GPU latency: 0.224118 ms - Host latency: 0.240772 ms (enqueue 0.174365 ms)
[02/27/2026-12:08:14] [I] Average on 200 runs - GPU latency: 0.251828 ms - Host latency: 0.270006 ms (enqueue 0.182073 ms)
[02/27/2026-12:08:14] [I] Average on 200 runs - GPU latency: 0.252191 ms - Host latency: 0.270712 ms (enqueue 0.18248 ms)
[02/27/2026-12:08:14] [I] Average on 200 runs - GPU latency: 0.252267 ms - Host latency: 0.27072 ms (enqueue 0.182708 ms)
[02/27/2026-12:08:14] [I] Average on 200 runs - GPU latency: 0.250906 ms - Host latency: 0.269507 ms (enqueue 0.182223 ms)
[02/27/2026-12:08:14] [I] Average on 200 runs - GPU latency: 0.224618 ms - Host latency: 0.240992 ms (enqueue 0.174592 ms)
[02/27/2026-12:08:14] [I] Average on 200 runs - GPU latency: 0.224442 ms - Host latency: 0.241018 ms (enqueue 0.174578 ms)
[02/27/2026-12:08:14] [I] Average on 200 runs - GPU latency: 0.22449 ms - Host latency: 0.24094 ms (enqueue 0.174806 ms)
[02/27/2026-12:08:14] [I] Average on 200 runs - GPU latency: 0.224957 ms - Host latency: 0.241512 ms (enqueue 0.174484 ms)
[02/27/2026-12:08:14] [I] Average on 200 runs - GPU latency: 0.222107 ms - Host latency: 0.238233 ms (enqueue 0.173678 ms)
[02/27/2026-12:08:14] [I] Average on 200 runs - GPU latency: 0.235831 ms - Host latency: 0.250629 ms (enqueue 0.168854 ms)
[02/27/2026-12:08:14] [I] Average on 200 runs - GPU latency: 0.21357 ms - Host latency: 0.228182 ms (enqueue 0.168961 ms)
[02/27/2026-12:08:14] [I] Average on 200 runs - GPU latency: 0.214398 ms - Host latency: 0.228818 ms (enqueue 0.169451 ms)
[02/27/2026-12:08:14] [I] Average on 200 runs - GPU latency: 0.214267 ms - Host latency: 0.22876 ms (enqueue 0.169526 ms)
[02/27/2026-12:08:14] [I] Average on 200 runs - GPU latency: 0.21396 ms - Host latency: 0.228421 ms (enqueue 0.169238 ms)
[02/27/2026-12:08:14] [I] Average on 200 runs - GPU latency: 0.210305 ms - Host latency: 0.225159 ms (enqueue 0.169034 ms)
[02/27/2026-12:08:14] [I] Average on 200 runs - GPU latency: 0.203472 ms - Host latency: 0.219111 ms (enqueue 0.168491 ms)
[02/27/2026-12:08:14] [I] Average on 200 runs - GPU latency: 0.203303 ms - Host latency: 0.218666 ms (enqueue 0.167788 ms)
[02/27/2026-12:08:14] [I] Average on 200 runs - GPU latency: 0.203046 ms - Host latency: 0.218435 ms (enqueue 0.16803 ms)
[02/27/2026-12:08:14] [I] Average on 200 runs - GPU latency: 0.203348 ms - Host latency: 0.218893 ms (enqueue 0.167709 ms)
[02/27/2026-12:08:14] [I] Average on 200 runs - GPU latency: 0.203293 ms - Host latency: 0.218859 ms (enqueue 0.167977 ms)
[02/27/2026-12:08:14] [I] Average on 200 runs - GPU latency: 0.203304 ms - Host latency: 0.218845 ms (enqueue 0.167925 ms)
[02/27/2026-12:08:14] [I] Average on 200 runs - GPU latency: 0.203322 ms - Host latency: 0.21894 ms (enqueue 0.168256 ms)
[02/27/2026-12:08:14] [I] Average on 200 runs - GPU latency: 0.20318 ms - Host latency: 0.218695 ms (enqueue 0.168073 ms)
[02/27/2026-12:08:14] [I] Average on 200 runs - GPU latency: 0.225084 ms - Host latency: 0.240786 ms (enqueue 0.16785 ms)
[02/27/2026-12:08:14] [I] Average on 200 runs - GPU latency: 0.203164 ms - Host latency: 0.218589 ms (enqueue 0.167985 ms)
[02/27/2026-12:08:14] [I] Average on 200 runs - GPU latency: 0.203348 ms - Host latency: 0.218923 ms (enqueue 0.167521 ms)
[02/27/2026-12:08:14] [I] Average on 200 runs - GPU latency: 0.203304 ms - Host latency: 0.218945 ms (enqueue 0.1678 ms)
[02/27/2026-12:08:14] [I] Average on 200 runs - GPU latency: 0.203294 ms - Host latency: 0.218811 ms (enqueue 0.16817 ms)
[02/27/2026-12:08:14] [I] Average on 200 runs - GPU latency: 0.203362 ms - Host latency: 0.219022 ms (enqueue 0.168253 ms)
[02/27/2026-12:08:14] [I] Average on 200 runs - GPU latency: 0.203604 ms - Host latency: 0.219202 ms (enqueue 0.168573 ms)
[02/27/2026-12:08:14] [I] Average on 200 runs - GPU latency: 0.203544 ms - Host latency: 0.219109 ms (enqueue 0.168352 ms)
[02/27/2026-12:08:14] [I] Average on 200 runs - GPU latency: 0.203638 ms - Host latency: 0.219213 ms (enqueue 0.168903 ms)
[02/27/2026-12:08:14] [I] Average on 200 runs - GPU latency: 0.203152 ms - Host latency: 0.21862 ms (enqueue 0.167872 ms)
[02/27/2026-12:08:14] [I] Average on 200 runs - GPU latency: 0.203141 ms - Host latency: 0.218643 ms (enqueue 0.168023 ms)
[02/27/2026-12:08:14] [I] Average on 200 runs - GPU latency: 0.203274 ms - Host latency: 0.218772 ms (enqueue 0.167892 ms)
[02/27/2026-12:08:14] [I] Average on 200 runs - GPU latency: 0.203412 ms - Host latency: 0.21912 ms (enqueue 0.168337 ms)
[02/27/2026-12:08:14] [I] Average on 200 runs - GPU latency: 0.218889 ms - Host latency: 0.234452 ms (enqueue 0.168021 ms)
[02/27/2026-12:08:14] [I] Average on 200 runs - GPU latency: 0.203389 ms - Host latency: 0.218987 ms (enqueue 0.1684 ms)
[02/27/2026-12:08:14] [I] Average on 200 runs - GPU latency: 0.20318 ms - Host latency: 0.218649 ms (enqueue 0.167629 ms)
[02/27/2026-12:08:14] [I] Average on 200 runs - GPU latency: 0.203453 ms - Host latency: 0.218965 ms (enqueue 0.167832 ms)
[02/27/2026-12:08:14] [I] Average on 200 runs - GPU latency: 0.203124 ms - Host latency: 0.218608 ms (enqueue 0.167745 ms)
[02/27/2026-12:08:14] [I] Average on 200 runs - GPU latency: 0.204453 ms - Host latency: 0.220029 ms (enqueue 0.169346 ms)
[02/27/2026-12:08:14] [I] Average on 200 runs - GPU latency: 0.202983 ms - Host latency: 0.218539 ms (enqueue 0.167346 ms)
[02/27/2026-12:08:14] [I] Average on 200 runs - GPU latency: 0.203105 ms - Host latency: 0.21879 ms (enqueue 0.167889 ms)
[02/27/2026-12:08:14] [I] Average on 200 runs - GPU latency: 0.203258 ms - Host latency: 0.218741 ms (enqueue 0.16828 ms)
[02/27/2026-12:08:14] [I] Average on 200 runs - GPU latency: 0.203135 ms - Host latency: 0.218705 ms (enqueue 0.167875 ms)
[02/27/2026-12:08:14] [I] Average on 200 runs - GPU latency: 0.20309 ms - Host latency: 0.218669 ms (enqueue 0.167905 ms)
[02/27/2026-12:08:14] [I] Average on 200 runs - GPU latency: 0.203084 ms - Host latency: 0.218772 ms (enqueue 0.16807 ms)
[02/27/2026-12:08:14] [I] Average on 200 runs - GPU latency: 0.202876 ms - Host latency: 0.218538 ms (enqueue 0.168185 ms)
[02/27/2026-12:08:14] [I] Average on 200 runs - GPU latency: 0.203132 ms - Host latency: 0.218412 ms (enqueue 0.168005 ms)
[02/27/2026-12:08:14] [I] Average on 200 runs - GPU latency: 0.218932 ms - Host latency: 0.234456 ms (enqueue 0.168262 ms)
[02/27/2026-12:08:14] [I] Average on 200 runs - GPU latency: 0.203573 ms - Host latency: 0.219192 ms (enqueue 0.168202 ms)
[02/27/2026-12:08:14] [I] Average on 200 runs - GPU latency: 0.203292 ms - Host latency: 0.218752 ms (enqueue 0.168053 ms)
[02/27/2026-12:08:14] [I] Average on 200 runs - GPU latency: 0.203269 ms - Host latency: 0.218943 ms (enqueue 0.168177 ms)
[02/27/2026-12:08:14] [I] Average on 200 runs - GPU latency: 0.203159 ms - Host latency: 0.218645 ms (enqueue 0.167811 ms)
[02/27/2026-12:08:14] [I] Average on 200 runs - GPU latency: 0.203315 ms - Host latency: 0.218915 ms (enqueue 0.168169 ms)
[02/27/2026-12:08:14] [I] 
[02/27/2026-12:08:14] [I] === Performance summary ===
[02/27/2026-12:08:14] [I] Throughput: 4345.49 qps
[02/27/2026-12:08:14] [I] Latency: min = 0.198853 ms, max = 3.35284 ms, mean = 0.235133 ms, median = 0.219727 ms, percentile(90%) = 0.267212 ms, percentile(95%) = 0.280273 ms, percentile(99%) = 0.500748 ms
[02/27/2026-12:08:14] [I] Enqueue Time: min = 0.140991 ms, max = 0.525543 ms, mean = 0.171686 ms, median = 0.16748 ms, percentile(90%) = 0.183548 ms, percentile(95%) = 0.189178 ms, percentile(99%) = 0.224518 ms
[02/27/2026-12:08:14] [I] H2D Latency: min = 0.0065918 ms, max = 0.0501404 ms, mean = 0.00964399 ms, median = 0.0090332 ms, percentile(90%) = 0.0102539 ms, percentile(95%) = 0.0126953 ms, percentile(99%) = 0.0223999 ms
[02/27/2026-12:08:14] [I] GPU Compute Time: min = 0.184204 ms, max = 3.33679 ms, mean = 0.218943 ms, median = 0.204102 ms, percentile(90%) = 0.25 ms, percentile(95%) = 0.258484 ms, percentile(99%) = 0.471878 ms
[02/27/2026-12:08:14] [I] D2H Latency: min = 0.00390625 ms, max = 0.0233612 ms, mean = 0.00654541 ms, median = 0.00653076 ms, percentile(90%) = 0.00769043 ms, percentile(95%) = 0.00827026 ms, percentile(99%) = 0.0117035 ms
[02/27/2026-12:08:14] [I] Total Host Walltime: 3.00081 s
[02/27/2026-12:08:14] [I] Total GPU Compute Time: 2.85501 s
[02/27/2026-12:08:14] [W] * Throughput may be bound by Enqueue Time rather than GPU Compute and the GPU may be under-utilized.
[02/27/2026-12:08:14] [W]   If not already in use, --useCudaGraph (utilize CUDA graphs where possible) may increase the throughput.
[02/27/2026-12:08:14] [W] * GPU compute time is unstable, with coefficient of variance = 33.4742%.
[02/27/2026-12:08:14] [W]   If not already in use, locking GPU clock frequency or adding --useSpinWait may improve the stability.
[02/27/2026-12:08:14] [I] Explanations of the performance metrics are printed in the verbose logs.
[02/27/2026-12:08:14] [V] 
[02/27/2026-12:08:14] [V] === Explanations of the performance metrics ===
[02/27/2026-12:08:14] [V] Total Host Walltime: the host walltime from when the first query (after warmups) is enqueued to when the last query is completed.
[02/27/2026-12:08:14] [V] GPU Compute Time: the GPU latency to execute the kernels for a query.
[02/27/2026-12:08:14] [V] Total GPU Compute Time: the summation of the GPU Compute Time of all the queries. If this is significantly shorter than Total Host Walltime, the GPU may be under-utilized because of host-side overheads or data transfers.
[02/27/2026-12:08:14] [V] Throughput: the observed throughput computed by dividing the number of queries by the Total Host Walltime. If this is significantly lower than the reciprocal of GPU Compute Time, the GPU may be under-utilized because of host-side overheads or data transfers.
[02/27/2026-12:08:14] [V] Enqueue Time: the host latency to enqueue a query. If this is longer than GPU Compute Time, the GPU may be under-utilized.
[02/27/2026-12:08:14] [V] H2D Latency: the latency for host-to-device data transfers for input tensors of a single query.
[02/27/2026-12:08:14] [V] D2H Latency: the latency for device-to-host data transfers for output tensors of a single query.
[02/27/2026-12:08:14] [V] Latency: the summation of H2D Latency, GPU Compute Time, and D2H Latency. This is the latency to infer a single query.
[02/27/2026-12:08:14] [I] 
&&&& PASSED TensorRT.trtexec [TensorRT v100300] # /usr/src/tensorrt/bin/trtexec --loadEngine=vitlob_fp16.engin --fp16 --avgRuns=200 --warmUp=50 --verbose
